\BOOKMARK [1][-]{section.1}{\376\377\000I\000n\000t\000r\000o\000d\000u\000z\000i\000o\000n\000e}{}% 1
\BOOKMARK [1][-]{section.2}{\376\377\000D\000e\000s\000c\000r\000i\000z\000i\000o\000n\000e\000\040\000d\000e\000l\000\040\000d\000o\000m\000i\000n\000i\000o\000\040\000e\000\040\000d\000e\000l\000\040\000p\000r\000o\000b\000l\000e\000m\000a}{}% 2
\BOOKMARK [1][-]{section.3}{\376\377\000M\000o\000d\000e\000l\000l\000a\000z\000i\000o\000n\000e\000\040\000d\000e\000l\000l\000e\000\040\000c\000o\000m\000u\000n\000i\000c\000a\000z\000i\000o\000n\000i}{}% 3
\BOOKMARK [2][-]{subsection.3.1}{\376\377\000C\000o\000r\000e\000o\000g\000r\000a\000f\000i\000a}{section.3}% 4
\BOOKMARK [2][-]{subsection.3.2}{\376\377\000P\000r\000o\000p\000r\000i\000e\000t\000\340\000\040\000d\000i\000\040\000c\000o\000r\000r\000e\000c\000t\000e\000d\000n\000e\000s\000s}{section.3}% 5
\BOOKMARK [2][-]{subsection.3.3}{\376\377\000S\000i\000s\000t\000e\000m\000a\000\040\000d\000i\000\040\000R\000u\000o\000l\000i}{section.3}% 6
\BOOKMARK [3][-]{subsubsection.3.3.1}{\376\377\000A\000C\000M\000E\000a\000t}{subsection.3.3}% 7
\BOOKMARK [3][-]{subsubsection.3.3.2}{\376\377\000C\000l\000i\000e\000n\000t\000e}{subsection.3.3}% 8
\BOOKMARK [3][-]{subsubsection.3.3.3}{\376\377\000B\000a\000n\000c\000a}{subsection.3.3}% 9
\BOOKMARK [3][-]{subsubsection.3.3.4}{\376\377\000R\000i\000s\000t\000o\000r\000a\000n\000t\000e}{subsection.3.3}% 10
\BOOKMARK [3][-]{subsubsection.3.3.5}{\376\377\000S\000o\000c\000i\000e\000t\000\340\000\040\000d\000i\000\040\000c\000o\000n\000s\000e\000g\000n\000a}{subsection.3.3}% 11
\BOOKMARK [3][-]{subsubsection.3.3.6}{\376\377\000F\000a\000t\000t\000o\000r\000i\000n\000o}{subsection.3.3}% 12
\BOOKMARK [2][-]{subsection.3.4}{\376\377\000D\000i\000a\000g\000r\000a\000m\000m\000a\000\040\000d\000i\000\040\000c\000o\000r\000e\000o\000g\000r\000a\000f\000i\000a\000\040\000B\000P\000M\000N}{section.3}% 13
\BOOKMARK [1][-]{section.4}{\376\377\000D\000o\000c\000u\000m\000e\000n\000t\000a\000z\000i\000o\000n\000e}{}% 14
\BOOKMARK [2][-]{subsection.4.1}{\376\377\000D\000i\000a\000g\000r\000a\000m\000m\000a\000\040\000d\000i\000\040\000c\000o\000l\000l\000a\000b\000o\000r\000a\000z\000i\000o\000n\000e\000\040\000B\000P\000M\000N}{section.4}% 15
\BOOKMARK [2][-]{subsection.4.2}{\376\377\000A\000C\000M\000E\000a\000t\000\040\000e\000\040\000c\000l\000i\000e\000n\000t\000e}{section.4}% 16
\BOOKMARK [2][-]{subsection.4.3}{\376\377\000B\000a\000n\000c\000a}{section.4}% 17
\BOOKMARK [2][-]{subsection.4.4}{\376\377\000R\000i\000s\000t\000o\000r\000a\000n\000t\000e}{section.4}% 18
\BOOKMARK [2][-]{subsection.4.5}{\376\377\000S\000o\000c\000i\000e\000t\000\340\000\040\000d\000i\000\040\000c\000o\000n\000s\000e\000g\000n\000a\000\040\000e\000\040\000f\000a\000t\000t\000o\000r\000i\000n\000o}{section.4}% 19
\BOOKMARK [1][-]{section.5}{\376\377\000P\000r\000o\000g\000e\000t\000t\000a\000z\000i\000o\000n\000e}{}% 20
\BOOKMARK [2][-]{subsection.5.1}{\376\377\000D\000i\000a\000g\000r\000a\000m\000m\000a\000\040\000U\000M\000L}{section.5}% 21
\BOOKMARK [2][-]{subsection.5.2}{\376\377\000D\000i\000a\000g\000r\000a\000m\000m\000i\000\040\000E\000R}{section.5}% 22
\BOOKMARK [1][-]{section.6}{\376\377\000S\000v\000i\000l\000u\000p\000p\000o}{}% 23
\BOOKMARK [2][-]{subsection.6.1}{\376\377\000D\000i\000a\000g\000r\000a\000m\000m\000a\000\040\000d\000i\000\040\000p\000r\000o\000c\000e\000s\000s\000o\000\040\000B\000P\000M\000N\000\040\000d\000i\000\040\000A\000C\000M\000E\000a\000t}{section.6}% 24
\BOOKMARK [2][-]{subsection.6.2}{\376\377\000B\000a\000n\000c\000a}{section.6}% 25
\BOOKMARK [3][-]{subsubsection.6.2.1}{\376\377\000P\000a\000r\000a\000m\000e\000t\000r\000i\000\040\000d\000i\000\040\000c\000o\000n\000f\000i\000g\000u\000r\000a\000z\000i\000o\000n\000e}{subsection.6.2}% 26
\BOOKMARK [2][-]{subsection.6.3}{\376\377\000B\000a\000c\000k\000e\000n\000d\000s\000\040\000P\000y\000t\000h\000o\000n}{section.6}% 27
\BOOKMARK [3][-]{subsubsection.6.3.1}{\376\377\000D\000e\000t\000t\000a\000g\000l\000i\000\040\000s\000u\000i\000\040\000b\000a\000c\000k\000e\000n\000d\000s}{subsection.6.3}% 28
\BOOKMARK [3][-]{subsubsection.6.3.2}{\376\377\000P\000a\000r\000a\000m\000e\000t\000r\000i\000\040\000d\000i\000\040\000c\000o\000n\000f\000i\000g\000u\000r\000a\000z\000i\000o\000n\000e}{subsection.6.3}% 29
\BOOKMARK [1][-]{section.7}{\376\377\000E\000s\000e\000c\000u\000z\000i\000o\000n\000e}{}% 30
\BOOKMARK [2][-]{subsection.7.1}{\376\377\000I\000s\000t\000r\000u\000z\000i\000o\000n\000i\000\040\000p\000e\000r\000\040\000l\000'\000a\000v\000v\000i\000o\000\040\000i\000n\000\040\000a\000m\000b\000i\000e\000n\000t\000e\000\040\000d\000i\000\040\000t\000e\000s\000t\000i\000n\000g}{section.7}% 31
\BOOKMARK [2][-]{subsection.7.2}{\376\377\000I\000s\000t\000r\000u\000z\000i\000o\000n\000i\000\040\000p\000e\000r\000\040\000i\000l\000\040\000d\000e\000p\000l\000o\000y\000m\000e\000n\000t\000\040\000i\000n\000\040\000p\000r\000o\000d\000u\000z\000i\000o\000n\000e}{section.7}% 32
\BOOKMARK [2][-]{subsection.7.3}{\376\377\000P\000o\000s\000t\000-\000I\000n\000s\000t\000a\000l\000l\000a\000z\000i\000o\000n\000e}{section.7}% 33
\BOOKMARK [1][-]{section.8}{\376\377\000C\000o\000n\000c\000l\000u\000s\000i\000o\000n\000i}{}% 34
