This is pdfTeX, Version 3.141592653-2.6-1.40.23 (TeX Live 2021/W32TeX) (preloaded format=pdflatex 2021.10.17)  4 FEB 2023 15:25
entering extended mode
 restricted \write18 enabled.
 %&-line parsing enabled.
**report.tex
(./report.tex
LaTeX2e <2021-06-01> patch level 1
L3 programming layer <2021-10-12>
(c:/texlive/2021/texmf-dist/tex/latex/base/article.cls
Document Class: article 2021/02/12 v1.4n Standard LaTeX document class
(c:/texlive/2021/texmf-dist/tex/latex/base/size11.clo
File: size11.clo 2021/02/12 v1.4n Standard LaTeX file (size option)
)
\c@part=\count182
\c@section=\count183
\c@subsection=\count184
\c@subsubsection=\count185
\c@paragraph=\count186
\c@subparagraph=\count187
\c@figure=\count188
\c@table=\count189
\abovecaptionskip=\skip47
\belowcaptionskip=\skip48
\bibindent=\dimen138
)
(c:/texlive/2021/texmf-dist/tex/generic/babel/babel.sty
Package: babel 2021/10/13 3.64 The Babel package
\babel@savecnt=\count190
\U@D=\dimen139
\l@unhyphenated=\language87

(c:/texlive/2021/texmf-dist/tex/generic/babel/txtbabel.def)
\bbl@readstream=\read2
\bbl@dirlevel=\count191

(c:/texlive/2021/texmf-dist/tex/generic/babel-italian/italian.ldf
Language: italian 2020/05/21 v.1.4.04 Italian support for the babel system
\it@lettering=\count192
\it@doublequoteactive=\count193
\it@ISOcompliance=\count194
)
(c:/texlive/2021/texmf-dist/tex/generic/babel-italian/italian.ldf
Language: italian 2020/05/21 v.1.4.04 Italian support for the babel system
))
(c:/texlive/2021/texmf-dist/tex/latex/etoolbox/etoolbox.sty
Package: etoolbox 2020/10/05 v2.5k e-TeX tools for LaTeX (JAW)
\etb@tempcnta=\count195
)
(c:/texlive/2021/texmf-dist/tex/latex/base/inputenc.sty
Package: inputenc 2021/02/14 v1.3d Input encoding file
\inpenc@prehook=\toks16
\inpenc@posthook=\toks17
)
(c:/texlive/2021/texmf-dist/tex/latex/wrapfig/wrapfig.sty
\wrapoverhang=\dimen140
\WF@size=\dimen141
\c@WF@wrappedlines=\count196
\WF@box=\box50
\WF@everypar=\toks18
Package: wrapfig 2003/01/31  v 3.6
)
(c:/texlive/2021/texmf-dist/tex/latex/geometry/geometry.sty
Package: geometry 2020/01/02 v5.9 Page Geometry

(c:/texlive/2021/texmf-dist/tex/latex/graphics/keyval.sty
Package: keyval 2014/10/28 v1.15 key=value parser (DPC)
\KV@toks@=\toks19
)
(c:/texlive/2021/texmf-dist/tex/generic/iftex/ifvtex.sty
Package: ifvtex 2019/10/25 v1.7 ifvtex legacy package. Use iftex instead.

(c:/texlive/2021/texmf-dist/tex/generic/iftex/iftex.sty
Package: iftex 2020/03/06 v1.0d TeX engine tests
))
\Gm@cnth=\count197
\Gm@cntv=\count198
\c@Gm@tempcnt=\count199
\Gm@bindingoffset=\dimen142
\Gm@wd@mp=\dimen143
\Gm@odd@mp=\dimen144
\Gm@even@mp=\dimen145
\Gm@layoutwidth=\dimen146
\Gm@layoutheight=\dimen147
\Gm@layouthoffset=\dimen148
\Gm@layoutvoffset=\dimen149
\Gm@dimlist=\toks20
)
(c:/texlive/2021/texmf-dist/tex/latex/graphics/graphicx.sty
Package: graphicx 2020/12/05 v1.2c Enhanced LaTeX Graphics (DPC,SPQR)

(c:/texlive/2021/texmf-dist/tex/latex/graphics/graphics.sty
Package: graphics 2021/03/04 v1.4d Standard LaTeX Graphics (DPC,SPQR)

(c:/texlive/2021/texmf-dist/tex/latex/graphics/trig.sty
Package: trig 2016/01/03 v1.10 sin cos tan (DPC)
)
(c:/texlive/2021/texmf-dist/tex/latex/graphics-cfg/graphics.cfg
File: graphics.cfg 2016/06/04 v1.11 sample graphics configuration
)
Package graphics Info: Driver file: pdftex.def on input line 107.

(c:/texlive/2021/texmf-dist/tex/latex/graphics-def/pdftex.def
File: pdftex.def 2020/10/05 v1.2a Graphics/color driver for pdftex
))
\Gin@req@height=\dimen150
\Gin@req@width=\dimen151
)
(c:/texlive/2021/texmf-dist/tex/latex/url/url.sty
\Urlmuskip=\muskip16
Package: url 2013/09/16  ver 3.4  Verb mode for urls, etc.
)
(c:/texlive/2021/texmf-dist/tex/latex/amsmath/amsmath.sty
Package: amsmath 2021/04/20 v2.17j AMS math features
\@mathmargin=\skip49

For additional information on amsmath, use the `?' option.
(c:/texlive/2021/texmf-dist/tex/latex/amsmath/amstext.sty
Package: amstext 2000/06/29 v2.01 AMS text

(c:/texlive/2021/texmf-dist/tex/latex/amsmath/amsgen.sty
File: amsgen.sty 1999/11/30 v2.0 generic functions
\@emptytoks=\toks21
\ex@=\dimen152
))
(c:/texlive/2021/texmf-dist/tex/latex/amsmath/amsbsy.sty
Package: amsbsy 1999/11/29 v1.2d Bold Symbols
\pmbraise@=\dimen153
)
(c:/texlive/2021/texmf-dist/tex/latex/amsmath/amsopn.sty
Package: amsopn 2016/03/08 v2.02 operator names
)
\inf@bad=\count266
LaTeX Info: Redefining \frac on input line 234.
\uproot@=\count267
\leftroot@=\count268
LaTeX Info: Redefining \overline on input line 399.
\classnum@=\count269
\DOTSCASE@=\count270
LaTeX Info: Redefining \ldots on input line 496.
LaTeX Info: Redefining \dots on input line 499.
LaTeX Info: Redefining \cdots on input line 620.
\Mathstrutbox@=\box51
\strutbox@=\box52
\big@size=\dimen154
LaTeX Font Info:    Redeclaring font encoding OML on input line 743.
LaTeX Font Info:    Redeclaring font encoding OMS on input line 744.
\macc@depth=\count271
\c@MaxMatrixCols=\count272
\dotsspace@=\muskip17
\c@parentequation=\count273
\dspbrk@lvl=\count274
\tag@help=\toks22
\row@=\count275
\column@=\count276
\maxfields@=\count277
\andhelp@=\toks23
\eqnshift@=\dimen155
\alignsep@=\dimen156
\tagshift@=\dimen157
\tagwidth@=\dimen158
\totwidth@=\dimen159
\lineht@=\dimen160
\@envbody=\toks24
\multlinegap=\skip50
\multlinetaggap=\skip51
\mathdisplay@stack=\toks25
LaTeX Info: Redefining \[ on input line 2923.
LaTeX Info: Redefining \] on input line 2924.
)
(c:/texlive/2021/texmf-dist/tex/latex/booktabs/booktabs.sty
Package: booktabs 2020/01/12 v1.61803398 Publication quality tables
\heavyrulewidth=\dimen161
\lightrulewidth=\dimen162
\cmidrulewidth=\dimen163
\belowrulesep=\dimen164
\belowbottomsep=\dimen165
\aboverulesep=\dimen166
\abovetopsep=\dimen167
\cmidrulesep=\dimen168
\cmidrulekern=\dimen169
\defaultaddspace=\dimen170
\@cmidla=\count278
\@cmidlb=\count279
\@aboverulesep=\dimen171
\@belowrulesep=\dimen172
\@thisruleclass=\count280
\@lastruleclass=\count281
\@thisrulewidth=\dimen173
)
(c:/texlive/2021/texmf-dist/tex/latex/tools/array.sty
Package: array 2021/04/20 v2.5e Tabular extension package (FMi)
\col@sep=\dimen174
\ar@mcellbox=\box53
\extrarowheight=\dimen175
\NC@list=\toks26
\extratabsurround=\skip52
\backup@length=\skip53
\ar@cellbox=\box54
)
(c:/texlive/2021/texmf-dist/tex/latex/paralist/paralist.sty
Package: paralist 2017/01/22 v2.7 Extended list environments
\pltopsep=\skip54
\plpartopsep=\skip55
\plitemsep=\skip56
\plparsep=\skip57
\pl@lab=\toks27
)
(c:/texlive/2021/texmf-dist/tex/latex/tools/verbatim.sty
Package: verbatim 2020-07-07 v1.5u LaTeX2e package for verbatim enhancements
\every@verbatim=\toks28
\verbatim@line=\toks29
\verbatim@in@stream=\read3
)
(c:/texlive/2021/texmf-dist/tex/latex/subfig/subfig.sty
Package: subfig 2005/06/28 ver: 1.3 subfig package

(c:/texlive/2021/texmf-dist/tex/latex/caption/caption.sty
Package: caption 2020/10/26 v3.5g Customizing captions (AR)

(c:/texlive/2021/texmf-dist/tex/latex/caption/caption3.sty
Package: caption3 2020/10/21 v2.2e caption3 kernel (AR)
\captionmargin=\dimen176
\captionmargin@=\dimen177
\captionwidth=\dimen178
\caption@tempdima=\dimen179
\caption@indent=\dimen180
\caption@parindent=\dimen181
\caption@hangindent=\dimen182
Package caption Info: Standard document class detected.
)
\c@caption@flags=\count282
\c@continuedfloat=\count283
Package caption Info: wrapfig package is loaded.
)
\c@KVtest=\count284
\sf@farskip=\skip58
\sf@captopadj=\dimen183
\sf@capskip=\skip59
\sf@nearskip=\skip60
\c@subfigure=\count285
\c@subfigure@save=\count286
\c@lofdepth=\count287
\c@subtable=\count288
\c@subtable@save=\count289
\c@lotdepth=\count290
\sf@top=\skip61
\sf@bottom=\skip62
)
(c:/texlive/2021/texmf-dist/tex/latex/listings/listings.sty
\lst@mode=\count291
\lst@gtempboxa=\box55
\lst@token=\toks30
\lst@length=\count292
\lst@currlwidth=\dimen184
\lst@column=\count293
\lst@pos=\count294
\lst@lostspace=\dimen185
\lst@width=\dimen186
\lst@newlines=\count295
\lst@lineno=\count296
\lst@maxwidth=\dimen187

(c:/texlive/2021/texmf-dist/tex/latex/listings/lstmisc.sty
File: lstmisc.sty 2020/03/24 1.8d (Carsten Heinz)
\c@lstnumber=\count297
\lst@skipnumbers=\count298
\lst@framebox=\box56
)
(c:/texlive/2021/texmf-dist/tex/latex/listings/listings.cfg
File: listings.cfg 2020/03/24 1.8d listings configuration
))
Package: listings 2020/03/24 1.8d (Carsten Heinz)

(c:/texlive/2021/texmf-dist/tex/latex/tools/multicol.sty
Package: multicol 2019/12/09 v1.8y multicolumn formatting (FMi)
\c@tracingmulticols=\count299
\mult@box=\box57
\multicol@leftmargin=\dimen188
\c@unbalance=\count300
\c@collectmore=\count301
\doublecol@number=\count302
\multicoltolerance=\count303
\multicolpretolerance=\count304
\full@width=\dimen189
\page@free=\dimen190
\premulticols=\dimen191
\postmulticols=\dimen192
\multicolsep=\skip63
\multicolbaselineskip=\skip64
\partial@page=\box58
\last@line=\box59
\maxbalancingoverflow=\dimen193
\mult@rightbox=\box60
\mult@grightbox=\box61
\mult@gfirstbox=\box62
\mult@firstbox=\box63
\@tempa=\box64
\@tempa=\box65
\@tempa=\box66
\@tempa=\box67
\@tempa=\box68
\@tempa=\box69
\@tempa=\box70
\@tempa=\box71
\@tempa=\box72
\@tempa=\box73
\@tempa=\box74
\@tempa=\box75
\@tempa=\box76
\@tempa=\box77
\@tempa=\box78
\@tempa=\box79
\@tempa=\box80
\@tempa=\box81
\@tempa=\box82
\@tempa=\box83
\@tempa=\box84
\@tempa=\box85
\@tempa=\box86
\@tempa=\box87
\@tempa=\box88
\@tempa=\box89
\@tempa=\box90
\@tempa=\box91
\@tempa=\box92
\@tempa=\box93
\@tempa=\box94
\@tempa=\box95
\@tempa=\box96
\@tempa=\box97
\@tempa=\box98
\@tempa=\box99
\@tempa=\box100
\c@minrows=\count305
\c@columnbadness=\count306
\c@finalcolumnbadness=\count307
\last@try=\dimen194
\multicolovershoot=\dimen195
\multicolundershoot=\dimen196
\mult@nat@firstbox=\box101
\colbreak@box=\box102
\mc@col@check@num=\count308
)
(c:/texlive/2021/texmf-dist/tex/latex/comment/comment.sty
\CommentStream=\write3

Excluding comment 'comment')
(c:/texlive/2021/texmf-dist/tex/latex/mathpartir/mathpartir.sty
Package: mathpartir 2016/02/24 version 1.3.2 Math Paragraph for Typesetting Inf
erence Rules
\mpr@andskip=\skip65
\mpr@lista=\toks31
\mpr@listb=\toks32
\mpr@hlist=\box103
\mpr@vlist=\box104
\mpr@right=\box105
)
(c:/texlive/2021/texmf-dist/tex/latex/fancyhdr/fancyhdr.sty
Package: fancyhdr 2021/01/28 v4.0.1 Extensive control of page headers and foote
rs
\f@nch@headwidth=\skip66
\f@nch@O@elh=\skip67
\f@nch@O@erh=\skip68
\f@nch@O@olh=\skip69
\f@nch@O@orh=\skip70
\f@nch@O@elf=\skip71
\f@nch@O@erf=\skip72
\f@nch@O@olf=\skip73
\f@nch@O@orf=\skip74
)
(c:/texlive/2021/texmf-dist/tex/latex/sectsty/sectsty.sty
Package: sectsty 2002/02/25 v2.0.2 Commands to change all sectional heading sty
les


LaTeX Warning: Command \underbar  has changed.
               Check if current package is valid.


LaTeX Warning: Command \underline  has changed.
               Check if current package is valid.

) (c:/texlive/2021/texmf-dist/tex/latex/xcolor/xcolor.sty
Package: xcolor 2016/05/11 v2.12 LaTeX color extensions (UK)

(c:/texlive/2021/texmf-dist/tex/latex/graphics-cfg/color.cfg
File: color.cfg 2016/01/02 v1.6 sample color configuration
)
Package xcolor Info: Package option `usenames' ignored on input line 216.
Package xcolor Info: Driver file: pdftex.def on input line 225.
Package xcolor Info: Model `cmy' substituted by `cmy0' on input line 1348.
Package xcolor Info: Model `hsb' substituted by `rgb' on input line 1352.
Package xcolor Info: Model `RGB' extended on input line 1364.
Package xcolor Info: Model `HTML' substituted by `rgb' on input line 1366.
Package xcolor Info: Model `Hsb' substituted by `hsb' on input line 1367.
Package xcolor Info: Model `tHsb' substituted by `hsb' on input line 1368.
Package xcolor Info: Model `HSB' substituted by `hsb' on input line 1369.
Package xcolor Info: Model `Gray' substituted by `gray' on input line 1370.
Package xcolor Info: Model `wave' substituted by `hsb' on input line 1371.

(c:/texlive/2021/texmf-dist/tex/latex/graphics/dvipsnam.def
File: dvipsnam.def 2016/06/17 v3.0m Driver-dependent file (DPC,SPQR)
))
(c:/texlive/2021/texmf-dist/tex/latex/hyperref/hyperref.sty
Package: hyperref 2021-06-07 v7.00m Hypertext links for LaTeX

(c:/texlive/2021/texmf-dist/tex/generic/ltxcmds/ltxcmds.sty
Package: ltxcmds 2020-05-10 v1.25 LaTeX kernel commands for general use (HO)
)
(c:/texlive/2021/texmf-dist/tex/generic/pdftexcmds/pdftexcmds.sty
Package: pdftexcmds 2020-06-27 v0.33 Utility functions of pdfTeX for LuaTeX (HO
)

(c:/texlive/2021/texmf-dist/tex/generic/infwarerr/infwarerr.sty
Package: infwarerr 2019/12/03 v1.5 Providing info/warning/error messages (HO)
)
Package pdftexcmds Info: \pdf@primitive is available.
Package pdftexcmds Info: \pdf@ifprimitive is available.
Package pdftexcmds Info: \pdfdraftmode found.
)
(c:/texlive/2021/texmf-dist/tex/generic/kvsetkeys/kvsetkeys.sty
Package: kvsetkeys 2019/12/15 v1.18 Key value parser (HO)
)
(c:/texlive/2021/texmf-dist/tex/generic/kvdefinekeys/kvdefinekeys.sty
Package: kvdefinekeys 2019-12-19 v1.6 Define keys (HO)
)
(c:/texlive/2021/texmf-dist/tex/generic/pdfescape/pdfescape.sty
Package: pdfescape 2019/12/09 v1.15 Implements pdfTeX's escape features (HO)
)
(c:/texlive/2021/texmf-dist/tex/latex/hycolor/hycolor.sty
Package: hycolor 2020-01-27 v1.10 Color options for hyperref/bookmark (HO)
)
(c:/texlive/2021/texmf-dist/tex/latex/letltxmacro/letltxmacro.sty
Package: letltxmacro 2019/12/03 v1.6 Let assignment for LaTeX macros (HO)
)
(c:/texlive/2021/texmf-dist/tex/latex/auxhook/auxhook.sty
Package: auxhook 2019-12-17 v1.6 Hooks for auxiliary files (HO)
)
(c:/texlive/2021/texmf-dist/tex/latex/kvoptions/kvoptions.sty
Package: kvoptions 2020-10-07 v3.14 Key value format for package options (HO)
)
\@linkdim=\dimen197
\Hy@linkcounter=\count309
\Hy@pagecounter=\count310

(c:/texlive/2021/texmf-dist/tex/latex/hyperref/pd1enc.def
File: pd1enc.def 2021-06-07 v7.00m Hyperref: PDFDocEncoding definition (HO)
Now handling font encoding PD1 ...
... no UTF-8 mapping file for font encoding PD1
)
(c:/texlive/2021/texmf-dist/tex/latex/hyperref/hyperref-langpatches.def
File: hyperref-langpatches.def 2021-06-07 v7.00m Hyperref: patches for babel la
nguages
)
(c:/texlive/2021/texmf-dist/tex/generic/intcalc/intcalc.sty
Package: intcalc 2019/12/15 v1.3 Expandable calculations with integers (HO)
)
(c:/texlive/2021/texmf-dist/tex/generic/etexcmds/etexcmds.sty
Package: etexcmds 2019/12/15 v1.7 Avoid name clashes with e-TeX commands (HO)
)
\Hy@SavedSpaceFactor=\count311

(c:/texlive/2021/texmf-dist/tex/latex/hyperref/puenc.def
File: puenc.def 2021-06-07 v7.00m Hyperref: PDF Unicode definition (HO)
Now handling font encoding PU ...
... no UTF-8 mapping file for font encoding PU
)
Package hyperref Info: Hyper figures OFF on input line 4192.
Package hyperref Info: Link nesting OFF on input line 4197.
Package hyperref Info: Hyper index ON on input line 4200.
Package hyperref Info: Plain pages OFF on input line 4207.
Package hyperref Info: Backreferencing OFF on input line 4212.
Package hyperref Info: Implicit mode ON; LaTeX internals redefined.
Package hyperref Info: Bookmarks ON on input line 4445.
\c@Hy@tempcnt=\count312
LaTeX Info: Redefining \url on input line 4804.
\XeTeXLinkMargin=\dimen198

(c:/texlive/2021/texmf-dist/tex/generic/bitset/bitset.sty
Package: bitset 2019/12/09 v1.3 Handle bit-vector datatype (HO)

(c:/texlive/2021/texmf-dist/tex/generic/bigintcalc/bigintcalc.sty
Package: bigintcalc 2019/12/15 v1.5 Expandable calculations on big integers (HO
)
))
\Fld@menulength=\count313
\Field@Width=\dimen199
\Fld@charsize=\dimen256
Package hyperref Info: Hyper figures OFF on input line 6076.
Package hyperref Info: Link nesting OFF on input line 6081.
Package hyperref Info: Hyper index ON on input line 6084.
Package hyperref Info: backreferencing OFF on input line 6091.
Package hyperref Info: Link coloring OFF on input line 6096.
Package hyperref Info: Link coloring with OCG OFF on input line 6101.
Package hyperref Info: PDF/A mode OFF on input line 6106.
LaTeX Info: Redefining \ref on input line 6146.
LaTeX Info: Redefining \pageref on input line 6150.

(c:/texlive/2021/texmf-dist/tex/latex/base/atbegshi-ltx.sty
Package: atbegshi-ltx 2021/01/10 v1.0c Emulation of the original atbegshi
package with kernel methods
)
\Hy@abspage=\count314
\c@Item=\count315
\c@Hfootnote=\count316
)
Package hyperref Info: Driver (autodetected): hpdftex.

(c:/texlive/2021/texmf-dist/tex/latex/hyperref/hpdftex.def
File: hpdftex.def 2021-06-07 v7.00m Hyperref driver for pdfTeX

(c:/texlive/2021/texmf-dist/tex/latex/base/atveryend-ltx.sty
Package: atveryend-ltx 2020/08/19 v1.0a Emulation of the original atvery packag
e
with kernel methods
)
\Fld@listcount=\count317
\c@bookmark@seq@number=\count318

(c:/texlive/2021/texmf-dist/tex/latex/rerunfilecheck/rerunfilecheck.sty
Package: rerunfilecheck 2019/12/05 v1.9 Rerun checks for auxiliary files (HO)

(c:/texlive/2021/texmf-dist/tex/generic/uniquecounter/uniquecounter.sty
Package: uniquecounter 2019/12/15 v1.4 Provide unlimited unique counter (HO)
)
Package uniquecounter Info: New unique counter `rerunfilecheck' on input line 2
86.
)
\Hy@SectionHShift=\skip75
)
Package hyperref Info: Option `colorlinks' set `true' on input line 73.

(c:/texlive/2021/texmf-dist/tex/latex/tocbibind/tocbibind.sty
Package: tocbibind 2010/10/13 v1.5k extra ToC listings
Package tocbibind Info: The document has section divisions on input line 50.


Package tocbibind Note: Using section or other style headings.

) (c:/texlive/2021/texmf-dist/tex/latex/tocloft/tocloft.sty
Package: tocloft 2017/08/31 v2.3i parameterised ToC, etc., typesetting
Package tocloft Info: The document has section divisions on input line 51.
\cftparskip=\skip76
\cftbeforetoctitleskip=\skip77
\cftaftertoctitleskip=\skip78
\cftbeforepartskip=\skip79
\cftpartnumwidth=\skip80
\cftpartindent=\skip81
\cftbeforesecskip=\skip82
\cftsecindent=\skip83
\cftsecnumwidth=\skip84
\cftbeforesubsecskip=\skip85
\cftsubsecindent=\skip86
\cftsubsecnumwidth=\skip87
\cftbeforesubsubsecskip=\skip88
\cftsubsubsecindent=\skip89
\cftsubsubsecnumwidth=\skip90
\cftbeforeparaskip=\skip91
\cftparaindent=\skip92
\cftparanumwidth=\skip93
\cftbeforesubparaskip=\skip94
\cftsubparaindent=\skip95
\cftsubparanumwidth=\skip96
\cftbeforeloftitleskip=\skip97
\cftafterloftitleskip=\skip98
\cftbeforefigskip=\skip99
\cftfigindent=\skip100
\cftfignumwidth=\skip101
\cftbeforelottitleskip=\skip102
\cftafterlottitleskip=\skip103
\cftbeforetabskip=\skip104
\cfttabindent=\skip105
\cfttabnumwidth=\skip106
\cftbeforesubfigskip=\skip107
\cftsubfigindent=\skip108
\cftsubfignumwidth=\skip109
\cftbeforesubtabskip=\skip110
\cftsubtabindent=\skip111
\cftsubtabnumwidth=\skip112
)
(c:/texlive/2021/texmf-dist/tex/latex/pgf/frontendlayer/tikz.sty
(c:/texlive/2021/texmf-dist/tex/latex/pgf/basiclayer/pgf.sty
(c:/texlive/2021/texmf-dist/tex/latex/pgf/utilities/pgfrcs.sty
(c:/texlive/2021/texmf-dist/tex/generic/pgf/utilities/pgfutil-common.tex
\pgfutil@everybye=\toks33
\pgfutil@tempdima=\dimen257
\pgfutil@tempdimb=\dimen258

(c:/texlive/2021/texmf-dist/tex/generic/pgf/utilities/pgfutil-common-lists.tex)
) (c:/texlive/2021/texmf-dist/tex/generic/pgf/utilities/pgfutil-latex.def
\pgfutil@abb=\box106
)
(c:/texlive/2021/texmf-dist/tex/generic/pgf/utilities/pgfrcs.code.tex
(c:/texlive/2021/texmf-dist/tex/generic/pgf/pgf.revision.tex)
Package: pgfrcs 2021/05/15 v3.1.9a (3.1.9a)
))
Package: pgf 2021/05/15 v3.1.9a (3.1.9a)

(c:/texlive/2021/texmf-dist/tex/latex/pgf/basiclayer/pgfcore.sty
(c:/texlive/2021/texmf-dist/tex/latex/pgf/systemlayer/pgfsys.sty
(c:/texlive/2021/texmf-dist/tex/generic/pgf/systemlayer/pgfsys.code.tex
Package: pgfsys 2021/05/15 v3.1.9a (3.1.9a)

(c:/texlive/2021/texmf-dist/tex/generic/pgf/utilities/pgfkeys.code.tex
\pgfkeys@pathtoks=\toks34
\pgfkeys@temptoks=\toks35

(c:/texlive/2021/texmf-dist/tex/generic/pgf/utilities/pgfkeysfiltered.code.tex
\pgfkeys@tmptoks=\toks36
))
\pgf@x=\dimen259
\pgf@y=\dimen260
\pgf@xa=\dimen261
\pgf@ya=\dimen262
\pgf@xb=\dimen263
\pgf@yb=\dimen264
\pgf@xc=\dimen265
\pgf@yc=\dimen266
\pgf@xd=\dimen267
\pgf@yd=\dimen268
\w@pgf@writea=\write4
\r@pgf@reada=\read4
\c@pgf@counta=\count319
\c@pgf@countb=\count320
\c@pgf@countc=\count321
\c@pgf@countd=\count322
\t@pgf@toka=\toks37
\t@pgf@tokb=\toks38
\t@pgf@tokc=\toks39
\pgf@sys@id@count=\count323
 (c:/texlive/2021/texmf-dist/tex/generic/pgf/systemlayer/pgf.cfg
File: pgf.cfg 2021/05/15 v3.1.9a (3.1.9a)
)
Driver file for pgf: pgfsys-pdftex.def

(c:/texlive/2021/texmf-dist/tex/generic/pgf/systemlayer/pgfsys-pdftex.def
File: pgfsys-pdftex.def 2021/05/15 v3.1.9a (3.1.9a)

(c:/texlive/2021/texmf-dist/tex/generic/pgf/systemlayer/pgfsys-common-pdf.def
File: pgfsys-common-pdf.def 2021/05/15 v3.1.9a (3.1.9a)
)))
(c:/texlive/2021/texmf-dist/tex/generic/pgf/systemlayer/pgfsyssoftpath.code.tex
File: pgfsyssoftpath.code.tex 2021/05/15 v3.1.9a (3.1.9a)
\pgfsyssoftpath@smallbuffer@items=\count324
\pgfsyssoftpath@bigbuffer@items=\count325
)
(c:/texlive/2021/texmf-dist/tex/generic/pgf/systemlayer/pgfsysprotocol.code.tex
File: pgfsysprotocol.code.tex 2021/05/15 v3.1.9a (3.1.9a)
)) (c:/texlive/2021/texmf-dist/tex/generic/pgf/basiclayer/pgfcore.code.tex
Package: pgfcore 2021/05/15 v3.1.9a (3.1.9a)

(c:/texlive/2021/texmf-dist/tex/generic/pgf/math/pgfmath.code.tex
(c:/texlive/2021/texmf-dist/tex/generic/pgf/math/pgfmathcalc.code.tex
(c:/texlive/2021/texmf-dist/tex/generic/pgf/math/pgfmathutil.code.tex)
(c:/texlive/2021/texmf-dist/tex/generic/pgf/math/pgfmathparser.code.tex
\pgfmath@dimen=\dimen269
\pgfmath@count=\count326
\pgfmath@box=\box107
\pgfmath@toks=\toks40
\pgfmath@stack@operand=\toks41
\pgfmath@stack@operation=\toks42
)
(c:/texlive/2021/texmf-dist/tex/generic/pgf/math/pgfmathfunctions.code.tex
(c:/texlive/2021/texmf-dist/tex/generic/pgf/math/pgfmathfunctions.basic.code.te
x)
(c:/texlive/2021/texmf-dist/tex/generic/pgf/math/pgfmathfunctions.trigonometric
.code.tex)
(c:/texlive/2021/texmf-dist/tex/generic/pgf/math/pgfmathfunctions.random.code.t
ex)
(c:/texlive/2021/texmf-dist/tex/generic/pgf/math/pgfmathfunctions.comparison.co
de.tex)
(c:/texlive/2021/texmf-dist/tex/generic/pgf/math/pgfmathfunctions.base.code.tex
)
(c:/texlive/2021/texmf-dist/tex/generic/pgf/math/pgfmathfunctions.round.code.te
x)
(c:/texlive/2021/texmf-dist/tex/generic/pgf/math/pgfmathfunctions.misc.code.tex
)
(c:/texlive/2021/texmf-dist/tex/generic/pgf/math/pgfmathfunctions.integerarithm
etics.code.tex)))
(c:/texlive/2021/texmf-dist/tex/generic/pgf/math/pgfmathfloat.code.tex
\c@pgfmathroundto@lastzeros=\count327
))
(c:/texlive/2021/texmf-dist/tex/generic/pgf/math/pgfint.code.tex)
(c:/texlive/2021/texmf-dist/tex/generic/pgf/basiclayer/pgfcorepoints.code.tex
File: pgfcorepoints.code.tex 2021/05/15 v3.1.9a (3.1.9a)
\pgf@picminx=\dimen270
\pgf@picmaxx=\dimen271
\pgf@picminy=\dimen272
\pgf@picmaxy=\dimen273
\pgf@pathminx=\dimen274
\pgf@pathmaxx=\dimen275
\pgf@pathminy=\dimen276
\pgf@pathmaxy=\dimen277
\pgf@xx=\dimen278
\pgf@xy=\dimen279
\pgf@yx=\dimen280
\pgf@yy=\dimen281
\pgf@zx=\dimen282
\pgf@zy=\dimen283
)
(c:/texlive/2021/texmf-dist/tex/generic/pgf/basiclayer/pgfcorepathconstruct.cod
e.tex
File: pgfcorepathconstruct.code.tex 2021/05/15 v3.1.9a (3.1.9a)
\pgf@path@lastx=\dimen284
\pgf@path@lasty=\dimen285
)
(c:/texlive/2021/texmf-dist/tex/generic/pgf/basiclayer/pgfcorepathusage.code.te
x
File: pgfcorepathusage.code.tex 2021/05/15 v3.1.9a (3.1.9a)
\pgf@shorten@end@additional=\dimen286
\pgf@shorten@start@additional=\dimen287
)
(c:/texlive/2021/texmf-dist/tex/generic/pgf/basiclayer/pgfcorescopes.code.tex
File: pgfcorescopes.code.tex 2021/05/15 v3.1.9a (3.1.9a)
\pgfpic=\box108
\pgf@hbox=\box109
\pgf@layerbox@main=\box110
\pgf@picture@serial@count=\count328
)
(c:/texlive/2021/texmf-dist/tex/generic/pgf/basiclayer/pgfcoregraphicstate.code
.tex
File: pgfcoregraphicstate.code.tex 2021/05/15 v3.1.9a (3.1.9a)
\pgflinewidth=\dimen288
)
(c:/texlive/2021/texmf-dist/tex/generic/pgf/basiclayer/pgfcoretransformations.c
ode.tex
File: pgfcoretransformations.code.tex 2021/05/15 v3.1.9a (3.1.9a)
\pgf@pt@x=\dimen289
\pgf@pt@y=\dimen290
\pgf@pt@temp=\dimen291
)
(c:/texlive/2021/texmf-dist/tex/generic/pgf/basiclayer/pgfcorequick.code.tex
File: pgfcorequick.code.tex 2021/05/15 v3.1.9a (3.1.9a)
)
(c:/texlive/2021/texmf-dist/tex/generic/pgf/basiclayer/pgfcoreobjects.code.tex
File: pgfcoreobjects.code.tex 2021/05/15 v3.1.9a (3.1.9a)
)
(c:/texlive/2021/texmf-dist/tex/generic/pgf/basiclayer/pgfcorepathprocessing.co
de.tex
File: pgfcorepathprocessing.code.tex 2021/05/15 v3.1.9a (3.1.9a)
)
(c:/texlive/2021/texmf-dist/tex/generic/pgf/basiclayer/pgfcorearrows.code.tex
File: pgfcorearrows.code.tex 2021/05/15 v3.1.9a (3.1.9a)
\pgfarrowsep=\dimen292
)
(c:/texlive/2021/texmf-dist/tex/generic/pgf/basiclayer/pgfcoreshade.code.tex
File: pgfcoreshade.code.tex 2021/05/15 v3.1.9a (3.1.9a)
\pgf@max=\dimen293
\pgf@sys@shading@range@num=\count329
\pgf@shadingcount=\count330
)
(c:/texlive/2021/texmf-dist/tex/generic/pgf/basiclayer/pgfcoreimage.code.tex
File: pgfcoreimage.code.tex 2021/05/15 v3.1.9a (3.1.9a)

(c:/texlive/2021/texmf-dist/tex/generic/pgf/basiclayer/pgfcoreexternal.code.tex
File: pgfcoreexternal.code.tex 2021/05/15 v3.1.9a (3.1.9a)
\pgfexternal@startupbox=\box111
))
(c:/texlive/2021/texmf-dist/tex/generic/pgf/basiclayer/pgfcorelayers.code.tex
File: pgfcorelayers.code.tex 2021/05/15 v3.1.9a (3.1.9a)
)
(c:/texlive/2021/texmf-dist/tex/generic/pgf/basiclayer/pgfcoretransparency.code
.tex
File: pgfcoretransparency.code.tex 2021/05/15 v3.1.9a (3.1.9a)
)
(c:/texlive/2021/texmf-dist/tex/generic/pgf/basiclayer/pgfcorepatterns.code.tex
File: pgfcorepatterns.code.tex 2021/05/15 v3.1.9a (3.1.9a)
) (c:/texlive/2021/texmf-dist/tex/generic/pgf/basiclayer/pgfcorerdf.code.tex
File: pgfcorerdf.code.tex 2021/05/15 v3.1.9a (3.1.9a)
))) (c:/texlive/2021/texmf-dist/tex/generic/pgf/modules/pgfmoduleshapes.code.te
x
File: pgfmoduleshapes.code.tex 2021/05/15 v3.1.9a (3.1.9a)
\pgfnodeparttextbox=\box112
)
(c:/texlive/2021/texmf-dist/tex/generic/pgf/modules/pgfmoduleplot.code.tex
File: pgfmoduleplot.code.tex 2021/05/15 v3.1.9a (3.1.9a)
)
(c:/texlive/2021/texmf-dist/tex/latex/pgf/compatibility/pgfcomp-version-0-65.st
y
Package: pgfcomp-version-0-65 2021/05/15 v3.1.9a (3.1.9a)
\pgf@nodesepstart=\dimen294
\pgf@nodesepend=\dimen295
)
(c:/texlive/2021/texmf-dist/tex/latex/pgf/compatibility/pgfcomp-version-1-18.st
y
Package: pgfcomp-version-1-18 2021/05/15 v3.1.9a (3.1.9a)
)) (c:/texlive/2021/texmf-dist/tex/latex/pgf/utilities/pgffor.sty
(c:/texlive/2021/texmf-dist/tex/latex/pgf/utilities/pgfkeys.sty
(c:/texlive/2021/texmf-dist/tex/generic/pgf/utilities/pgfkeys.code.tex))
(c:/texlive/2021/texmf-dist/tex/latex/pgf/math/pgfmath.sty
(c:/texlive/2021/texmf-dist/tex/generic/pgf/math/pgfmath.code.tex))
(c:/texlive/2021/texmf-dist/tex/generic/pgf/utilities/pgffor.code.tex
Package: pgffor 2021/05/15 v3.1.9a (3.1.9a)

(c:/texlive/2021/texmf-dist/tex/generic/pgf/math/pgfmath.code.tex)
\pgffor@iter=\dimen296
\pgffor@skip=\dimen297
\pgffor@stack=\toks43
\pgffor@toks=\toks44
))
(c:/texlive/2021/texmf-dist/tex/generic/pgf/frontendlayer/tikz/tikz.code.tex
Package: tikz 2021/05/15 v3.1.9a (3.1.9a)

(c:/texlive/2021/texmf-dist/tex/generic/pgf/libraries/pgflibraryplothandlers.co
de.tex
File: pgflibraryplothandlers.code.tex 2021/05/15 v3.1.9a (3.1.9a)
\pgf@plot@mark@count=\count331
\pgfplotmarksize=\dimen298
)
\tikz@lastx=\dimen299
\tikz@lasty=\dimen300
\tikz@lastxsaved=\dimen301
\tikz@lastysaved=\dimen302
\tikz@lastmovetox=\dimen303
\tikz@lastmovetoy=\dimen304
\tikzleveldistance=\dimen305
\tikzsiblingdistance=\dimen306
\tikz@figbox=\box113
\tikz@figbox@bg=\box114
\tikz@tempbox=\box115
\tikz@tempbox@bg=\box116
\tikztreelevel=\count332
\tikznumberofchildren=\count333
\tikznumberofcurrentchild=\count334
\tikz@fig@count=\count335

(c:/texlive/2021/texmf-dist/tex/generic/pgf/modules/pgfmodulematrix.code.tex
File: pgfmodulematrix.code.tex 2021/05/15 v3.1.9a (3.1.9a)
\pgfmatrixcurrentrow=\count336
\pgfmatrixcurrentcolumn=\count337
\pgf@matrix@numberofcolumns=\count338
)
\tikz@expandcount=\count339

(c:/texlive/2021/texmf-dist/tex/generic/pgf/frontendlayer/tikz/libraries/tikzli
brarytopaths.code.tex
File: tikzlibrarytopaths.code.tex 2021/05/15 v3.1.9a (3.1.9a)
)))
(c:/texlive/2021/texmf-dist/tex/generic/pgf/frontendlayer/tikz/libraries/tikzli
braryshapes.code.tex
File: tikzlibraryshapes.code.tex 2021/05/15 v3.1.9a (3.1.9a)

(c:/texlive/2021/texmf-dist/tex/generic/pgf/frontendlayer/tikz/libraries/tikzli
braryshapes.geometric.code.tex
File: tikzlibraryshapes.geometric.code.tex 2021/05/15 v3.1.9a (3.1.9a)

(c:/texlive/2021/texmf-dist/tex/generic/pgf/libraries/shapes/pgflibraryshapes.g
eometric.code.tex
File: pgflibraryshapes.geometric.code.tex 2021/05/15 v3.1.9a (3.1.9a)
))
(c:/texlive/2021/texmf-dist/tex/generic/pgf/frontendlayer/tikz/libraries/tikzli
braryshapes.misc.code.tex
File: tikzlibraryshapes.misc.code.tex 2021/05/15 v3.1.9a (3.1.9a)

(c:/texlive/2021/texmf-dist/tex/generic/pgf/libraries/shapes/pgflibraryshapes.m
isc.code.tex
File: pgflibraryshapes.misc.code.tex 2021/05/15 v3.1.9a (3.1.9a)
))
(c:/texlive/2021/texmf-dist/tex/generic/pgf/frontendlayer/tikz/libraries/tikzli
braryshapes.symbols.code.tex
File: tikzlibraryshapes.symbols.code.tex 2021/05/15 v3.1.9a (3.1.9a)

(c:/texlive/2021/texmf-dist/tex/generic/pgf/libraries/shapes/pgflibraryshapes.s
ymbols.code.tex
File: pgflibraryshapes.symbols.code.tex 2021/05/15 v3.1.9a (3.1.9a)
))
(c:/texlive/2021/texmf-dist/tex/generic/pgf/frontendlayer/tikz/libraries/tikzli
braryshapes.arrows.code.tex
File: tikzlibraryshapes.arrows.code.tex 2021/05/15 v3.1.9a (3.1.9a)

(c:/texlive/2021/texmf-dist/tex/generic/pgf/libraries/shapes/pgflibraryshapes.a
rrows.code.tex
File: pgflibraryshapes.arrows.code.tex 2021/05/15 v3.1.9a (3.1.9a)
))
(c:/texlive/2021/texmf-dist/tex/generic/pgf/frontendlayer/tikz/libraries/tikzli
braryshapes.callouts.code.tex
(c:/texlive/2021/texmf-dist/tex/generic/pgf/libraries/shapes/pgflibraryshapes.c
allouts.code.tex))
(c:/texlive/2021/texmf-dist/tex/generic/pgf/frontendlayer/tikz/libraries/tikzli
braryshapes.multipart.code.tex
File: tikzlibraryshapes.multipart.code.tex 2021/05/15 v3.1.9a (3.1.9a)

(c:/texlive/2021/texmf-dist/tex/generic/pgf/libraries/shapes/pgflibraryshapes.m
ultipart.code.tex
File: pgflibraryshapes.multipart.code.tex 2021/05/15 v3.1.9a (3.1.9a)
\pgfnodepartlowerbox=\box117
\pgfnodeparttwobox=\box118
\pgfnodepartthreebox=\box119
\pgfnodepartfourbox=\box120
\pgfnodeparttwentybox=\box121
\pgfnodepartnineteenbox=\box122
\pgfnodeparteighteenbox=\box123
\pgfnodepartseventeenbox=\box124
\pgfnodepartsixteenbox=\box125
\pgfnodepartfifteenbox=\box126
\pgfnodepartfourteenbox=\box127
\pgfnodepartthirteenbox=\box128
\pgfnodeparttwelvebox=\box129
\pgfnodepartelevenbox=\box130
\pgfnodeparttenbox=\box131
\pgfnodepartninebox=\box132
\pgfnodeparteightbox=\box133
\pgfnodepartsevenbox=\box134
\pgfnodepartsixbox=\box135
\pgfnodepartfivebox=\box136
)))
(c:/texlive/2021/texmf-dist/tex/generic/pgf/frontendlayer/tikz/libraries/tikzli
brarytrees.code.tex
File: tikzlibrarytrees.code.tex 2021/05/15 v3.1.9a (3.1.9a)
)
(c:/texlive/2021/texmf-dist/tex/generic/pgf/frontendlayer/tikz/libraries/tikzli
braryfit.code.tex
File: tikzlibraryfit.code.tex 2021/05/15 v3.1.9a (3.1.9a)
)
(c:/texlive/2021/texmf-dist/tex/generic/pgf/frontendlayer/tikz/libraries/tikzli
brarydecorations.pathreplacing.code.tex
(c:/texlive/2021/texmf-dist/tex/generic/pgf/frontendlayer/tikz/libraries/tikzli
brarydecorations.code.tex
(c:/texlive/2021/texmf-dist/tex/generic/pgf/modules/pgfmoduledecorations.code.t
ex
\pgfdecoratedcompleteddistance=\dimen307
\pgfdecoratedremainingdistance=\dimen308
\pgfdecoratedinputsegmentcompleteddistance=\dimen309
\pgfdecoratedinputsegmentremainingdistance=\dimen310
\pgf@decorate@distancetomove=\dimen311
\pgf@decorate@repeatstate=\count340
\pgfdecorationsegmentamplitude=\dimen312
\pgfdecorationsegmentlength=\dimen313
)
\tikz@lib@dec@box=\box137
)
(c:/texlive/2021/texmf-dist/tex/generic/pgf/libraries/decorations/pgflibrarydec
orations.pathreplacing.code.tex))
(c:/texlive/2021/texmf-dist/tex/generic/pgf/libraries/pgflibraryarrows.meta.cod
e.tex
File: pgflibraryarrows.meta.code.tex 2021/05/15 v3.1.9a (3.1.9a)
\pgfarrowinset=\dimen314
\pgfarrowlength=\dimen315
\pgfarrowwidth=\dimen316
\pgfarrowlinewidth=\dimen317
) (c:/texlive/2021/texmf-dist/tex/latex/l3backend/l3backend-pdftex.def
File: l3backend-pdftex.def 2021-10-12 L3 backend support: PDF output (pdfTeX)
\l__color_backend_stack_int=\count341
\l__pdf_internal_box=\box138
)
(./report.aux)
\openout1 = `report.aux'.

LaTeX Font Info:    Checking defaults for OML/cmm/m/it on input line 124.
LaTeX Font Info:    ... okay on input line 124.
LaTeX Font Info:    Checking defaults for OMS/cmsy/m/n on input line 124.
LaTeX Font Info:    ... okay on input line 124.
LaTeX Font Info:    Checking defaults for OT1/cmr/m/n on input line 124.
LaTeX Font Info:    ... okay on input line 124.
LaTeX Font Info:    Checking defaults for T1/cmr/m/n on input line 124.
LaTeX Font Info:    ... okay on input line 124.
LaTeX Font Info:    Checking defaults for TS1/cmr/m/n on input line 124.
LaTeX Font Info:    ... okay on input line 124.
LaTeX Font Info:    Checking defaults for OMX/cmex/m/n on input line 124.
LaTeX Font Info:    ... okay on input line 124.
LaTeX Font Info:    Checking defaults for U/cmr/m/n on input line 124.
LaTeX Font Info:    ... okay on input line 124.
LaTeX Font Info:    Checking defaults for PD1/pdf/m/n on input line 124.
LaTeX Font Info:    ... okay on input line 124.
LaTeX Font Info:    Checking defaults for PU/pdf/m/n on input line 124.
LaTeX Font Info:    ... okay on input line 124.
LaTeX Info: Redefining \it@ocap on input line 124.
LaTeX Info: Redefining \it@ccap on input line 124.


File italian.ldf warning: 
italian.ldf    With OT1 encoding guillemets are poorly faked
italian.ldf    Use T1 encoding
italian.ldf    or specify a font with command \CaporaliFrom
italian.ldf    See the documentation concerning the babel-italian typesetting 
italian.ldf    on input line 124.

*geometry* driver: auto-detecting
*geometry* detected driver: pdftex
*geometry* verbose mode - [ preamble ] result:
* driver: pdftex
* paper: a4paper
* layout: <same size as paper>
* layoutoffset:(h,v)=(0.0pt,0.0pt)
* modes: 
* h-part:(L,W,R)=(89.62709pt, 418.25368pt, 89.6271pt)
* v-part:(T,H,B)=(101.40665pt, 591.5302pt, 152.11pt)
* \paperwidth=597.50787pt
* \paperheight=845.04684pt
* \textwidth=418.25368pt
* \textheight=591.5302pt
* \oddsidemargin=17.3571pt
* \evensidemargin=17.3571pt
* \topmargin=-7.86334pt
* \headheight=12.0pt
* \headsep=25.0pt
* \topskip=11.0pt
* \footskip=30.0pt
* \marginparwidth=59.0pt
* \marginparsep=10.0pt
* \columnsep=10.0pt
* \skip\footins=10.0pt plus 4.0pt minus 2.0pt
* \hoffset=0.0pt
* \voffset=0.0pt
* \mag=1000
* \@twocolumnfalse
* \@twosidefalse
* \@mparswitchfalse
* \@reversemarginfalse
* (1in=72.27pt=25.4mm, 1cm=28.453pt)

(c:/texlive/2021/texmf-dist/tex/context/base/mkii/supp-pdf.mkii
[Loading MPS to PDF converter (version 2006.09.02).]
\scratchcounter=\count342
\scratchdimen=\dimen318
\scratchbox=\box139
\nofMPsegments=\count343
\nofMParguments=\count344
\everyMPshowfont=\toks45
\MPscratchCnt=\count345
\MPscratchDim=\dimen319
\MPnumerator=\count346
\makeMPintoPDFobject=\count347
\everyMPtoPDFconversion=\toks46
) (c:/texlive/2021/texmf-dist/tex/latex/epstopdf-pkg/epstopdf-base.sty
Package: epstopdf-base 2020-01-24 v2.11 Base part for package epstopdf
Package epstopdf-base Info: Redefining graphics rule for `.eps' on input line 4
85.

(c:/texlive/2021/texmf-dist/tex/latex/latexconfig/epstopdf-sys.cfg
File: epstopdf-sys.cfg 2010/07/13 v1.3 Configuration of (r)epstopdf for TeX Liv
e
))
Package caption Info: Begin \AtBeginDocument code.
Package caption Info: subfig package v1.3 is loaded.
Package caption Info: hyperref package is loaded.
Package caption Info: listings package is loaded.
Package caption Info: End \AtBeginDocument code.
\c@lstlisting=\count348
Package hyperref Info: Link coloring ON on input line 124.

(c:/texlive/2021/texmf-dist/tex/latex/hyperref/nameref.sty
Package: nameref 2021-04-02 v2.47 Cross-referencing by name of section

(c:/texlive/2021/texmf-dist/tex/latex/refcount/refcount.sty
Package: refcount 2019/12/15 v3.6 Data extraction from label references (HO)
)
(c:/texlive/2021/texmf-dist/tex/generic/gettitlestring/gettitlestring.sty
Package: gettitlestring 2019/12/15 v1.6 Cleanup title references (HO)
)
\c@section@level=\count349
)
LaTeX Info: Redefining \ref on input line 124.
LaTeX Info: Redefining \pageref on input line 124.
LaTeX Info: Redefining \nameref on input line 124.

(./report.out) (./report.out)
\@outlinefile=\write5
\openout5 = `report.out'.

<./images//logo.png, id=99, 1144.275pt x 727.71875pt>
File: ./images//logo.png Graphic file (type png)
<use ./images//logo.png>
Package pdftex.def Info: ./images//logo.png  used on input line 132.
(pdftex.def)             Requested size: 418.25368pt x 265.99821pt.


LaTeX Font Warning: Font shape `OT1/cmr/bx/sc' undefined
(Font)              using `OT1/cmr/bx/n' instead on input line 150.

[1

{c:/texlive/2021/texmf-var/fonts/map/pdftex/updmap/pdftex.map} <./images//logo.
png>] (./report.toc)
\tf@toc=\write6
\openout6 = `report.toc'.

pdfTeX warning (ext4): destination with the same identifier (name{page.1}) has 
been already used, duplicate ignored
<to be read again> 
                   \relax 
l.173 \newpage
               [1

] [2] [3

] [4

] [5] [6] [7] [8] [9

] [10] [11

] [12] [13

] [14]
[15

] [16] [17

] [18]
<./images//coreo_bpmn1.png, id=958, 1001.24063pt x 964.35281pt>
File: ./images//coreo_bpmn1.png Graphic file (type png)
<use ./images//coreo_bpmn1.png>
Package pdftex.def Info: ./images//coreo_bpmn1.png  used on input line 976.
(pdftex.def)             Requested size: 418.25368pt x 402.84763pt.

Overfull \hbox (6.79999pt too wide) in paragraph at lines 976--977
 [] 
 []

<./images//coreo_bpmn2.png, id=960, 1001.24063pt x 1212.02812pt>
File: ./images//coreo_bpmn2.png Graphic file (type png)
<use ./images//coreo_bpmn2.png>
Package pdftex.def Info: ./images//coreo_bpmn2.png  used on input line 983.
(pdftex.def)             Requested size: 418.25368pt x 506.31123pt.

Overfull \hbox (6.79999pt too wide) in paragraph at lines 983--984
 [] 
 []

[19

 <./images//coreo_bpmn1.png>] [20 <./images//coreo_bpmn2.png>]
<./images//bpmn.png, id=973, 15267.0375pt x 8136.3975pt>
File: ./images//bpmn.png Graphic file (type png)
<use ./images//bpmn.png>
Package pdftex.def Info: ./images//bpmn.png  used on input line 997.
(pdftex.def)             Requested size: 418.25368pt x 222.85153pt.
<./images//bpmn1.png, id=974, 871.255pt x 908.39375pt>
File: ./images//bpmn1.png Graphic file (type png)
<use ./images//bpmn1.png>
Package pdftex.def Info: ./images//bpmn1.png  used on input line 1006.
(pdftex.def)             Requested size: 435.62643pt x 454.19577pt.

Overfull \hbox (24.17274pt too wide) in paragraph at lines 1006--1007
 [] 
 []

<./images//bpmn2.png, id=975, 684.5575pt x 398.48875pt>
File: ./images//bpmn2.png Graphic file (type png)
<use ./images//bpmn2.png>
Package pdftex.def Info: ./images//bpmn2.png  used on input line 1013.
(pdftex.def)             Requested size: 342.27791pt x 199.24388pt.
<./images//bpmn3.png, id=976, 438.63875pt x 344.28625pt>
File: ./images//bpmn3.png Graphic file (type png)
<use ./images//bpmn3.png>
Package pdftex.def Info: ./images//bpmn3.png  used on input line 1015.
(pdftex.def)             Requested size: 219.31883pt x 172.1427pt.
<./images//bpmn4.png, id=977, 662.475pt x 281.05pt>
File: ./images//bpmn4.png Graphic file (type png)
<use ./images//bpmn4.png>
Package pdftex.def Info: ./images//bpmn4.png  used on input line 1022.
(pdftex.def)             Requested size: 331.2367pt x 140.52464pt.
<./images//bpmn5.png, id=978, 803.0pt x 473.77pt>
File: ./images//bpmn5.png Graphic file (type png)
<use ./images//bpmn5.png>
Package pdftex.def Info: ./images//bpmn5.png  used on input line 1024.
(pdftex.def)             Requested size: 401.49902pt x 236.88441pt.
<./images//bpmn6.png, id=979, 1478.52374pt x 634.37pt>
File: ./images//bpmn6.png Graphic file (type png)
<use ./images//bpmn6.png>
Package pdftex.def Info: ./images//bpmn6.png  used on input line 1031.
(pdftex.def)             Requested size: 418.25368pt x 179.45184pt.

Overfull \hbox (6.79999pt too wide) in paragraph at lines 1031--1032
 [] 
 []

<./images//bpmn7.png, id=980, 1584.92125pt x 366.36874pt>
File: ./images//bpmn7.png Graphic file (type png)
<use ./images//bpmn7.png>
Package pdftex.def Info: ./images//bpmn7.png  used on input line 1038.
(pdftex.def)             Requested size: 418.25368pt x 96.67915pt.

Overfull \hbox (6.79999pt too wide) in paragraph at lines 1038--1039
 [] 
 []

<./images//bpmn8.png, id=981, 1369.115pt x 318.18875pt>
File: ./images//bpmn8.png Graphic file (type png)
<use ./images//bpmn8.png>
Package pdftex.def Info: ./images//bpmn8.png  used on input line 1045.
(pdftex.def)             Requested size: 418.25368pt x 97.20522pt.
<./images//bpmn9.png, id=982, 706.64pt x 460.72125pt>
File: ./images//bpmn9.png Graphic file (type png)
<use ./images//bpmn9.png>
Package pdftex.def Info: ./images//bpmn9.png  used on input line 1046.
(pdftex.def)             Requested size: 353.31914pt x 230.36006pt.

Overfull \hbox (6.79999pt too wide) in paragraph at lines 1045--1047
 [] 
 []

<./images//bpmn10.png, id=983, 829.0975pt x 414.54875pt>
File: ./images//bpmn10.png Graphic file (type png)
<use ./images//bpmn10.png>
Package pdftex.def Info: ./images//bpmn10.png  used on input line 1053.
(pdftex.def)             Requested size: 414.54774pt x 207.27386pt.

Overfull \hbox (3.09406pt too wide) in paragraph at lines 1053--1054
 [] 
 []

<./images//bpmn11.png, id=984, 857.2025pt x 416.55624pt>
File: ./images//bpmn11.png Graphic file (type png)
<use ./images//bpmn11.png>
Package pdftex.def Info: ./images//bpmn11.png  used on input line 1060.
(pdftex.def)             Requested size: 428.6002pt x 208.2776pt.

Overfull \hbox (17.14651pt too wide) in paragraph at lines 1060--1061
 [] 
 []

<./images//bpmn12.png, id=985, 1453.43pt x 424.58624pt>
File: ./images//bpmn12.png Graphic file (type png)
<use ./images//bpmn12.png>
Package pdftex.def Info: ./images//bpmn12.png  used on input line 1067.
(pdftex.def)             Requested size: 418.25368pt x 122.18097pt.

Overfull \hbox (6.79999pt too wide) in paragraph at lines 1067--1068
 [] 
 []

<./images//bpmn13.png, id=986, 596.2275pt x 384.43625pt>
File: ./images//bpmn13.png Graphic file (type png)
<use ./images//bpmn13.png>
Package pdftex.def Info: ./images//bpmn13.png  used on input line 1074.
(pdftex.def)             Requested size: 298.11302pt x 192.21765pt.
<./images//bpmn14.png, id=987, 1474.50874pt x 680.5425pt>
File: ./images//bpmn14.png Graphic file (type png)
<use ./images//bpmn14.png>
Package pdftex.def Info: ./images//bpmn14.png  used on input line 1081.
(pdftex.def)             Requested size: 418.25368pt x 193.03242pt.

Overfull \hbox (6.79999pt too wide) in paragraph at lines 1081--1082
 [] 
 []

[21

 <./images//bpmn.png>] [22 <./images//bpmn1.png>] [23 <./images//bpmn2.png> <./
images//bpmn3.png>] [24 <./images//bpmn4.png> <./images//bpmn5.png>]
[25 <./images//bpmn6.png> <./images//bpmn7.png>] [26 <./images//bpmn8.png> <./i
mages//bpmn9.png>] [27 <./images//bpmn10.png> <./images//bpmn11.png>] [28 <./im
ages//bpmn12.png> <./images//bpmn13.png>] [29 <./images//bpmn14.png>] [30

]
[31

] [32]
Overfull \hbox (5.72102pt too wide) in paragraph at lines 1162--1163
[][][]\OT1/cmtt/m/n/10.95 DB_URI=postgresql://postgres:password@localhost/acmea
t []\OT1/cmr/m/n/10.95 - l'u-ri del da-
 []


Overfull \hbox (13.9634pt too wide) in paragraph at lines 1186--1187
[][][]\OT1/cmtt/m/n/10.95 DB_URI=postgresql://postgres:password@localhost/acmer
estaurant []\OT1/cmr/m/n/10.95 - l'u-
 []

[33]

LaTeX Warning: Reference `bd:acmeat' on page 34 undefined on input line 1214.

[34] [35]

LaTeX Warning: Reference `bd:deliver' on page 36 undefined on input line 1272.


LaTeX Warning: Reference `db:restaurant' on page 36 undefined on input line 127
8.

[36]
Overfull \hbox (30.72633pt too wide) in paragraph at lines 1289--1290
[]\OT1/cmr/m/n/10.95 Entrare nel-la car-tel-la "Ap-pli-ca-tions" del re-po-si-t
o-ry, ese-gui-re il co-man-do [][]\OT1/cmtt/m/n/10.95 poetry install[]\OT1/cmr/
m/n/10.95 ; 
 []


Underfull \hbox (badness 10000) in paragraph at lines 1299--1300

 []

[37]
Underfull \hbox (badness 10000) in paragraph at lines 1308--1310

 []


Overfull \hbox (10.74051pt too wide) in paragraph at lines 1312--1313
[]\OT1/cmr/m/n/10.95 Eseguire il co-man-do [][]\OT1/cmtt/m/n/10.95 curl -sSL ht
tps://install.python-poetry.org  []\OT1/cmr/m/n/10.95 py-thon3|
 []


Underfull \hbox (badness 10000) in paragraph at lines 1315--1317

 []


Overfull \hbox (232.38647pt too wide) in paragraph at lines 1320--1321
\OT1/cmr/m/n/10.95 per-cor-so del-l'am-bien-te crea-to, il qua-le do-vreb-be es
-se-re sot-to la car-tel-la [][]\OT1/cmtt/m/n/10.95 /home/${nome_servizio}/.cac
he/pypoetry/virtualenvs/
 []


Overfull \hbox (171.8552pt too wide) in paragraph at lines 1323--1324
[]\OT1/cmr/m/n/10.95 Creare l'u-ten-te [][]\OT1/cmtt/m/n/10.95 {nome_servizio} 
[]\OT1/cmr/m/n/10.95 con [][]\OT1/cmtt/m/n/10.95 CREATEUSER`{nome_servizio}' WI
TH ENCRYPTED PASSWORD `${password}';[]\OT1/cmr/m/n/10.95 ; 
 []


Overfull \hbox (318.16019pt too wide) in paragraph at lines 1324--1325
[]\OT1/cmr/m/n/10.95 Fornire al-l'u-ten-te ap-pe-na crea-to i pri-vi-le-gi sul 
da-ta-ba-se con da [][]\OT1/cmtt/m/n/10.95 GRANT ALL PRIVILEGES ON DATABASE ${n
ome_database} TO "${nome_servizio}";[]\OT1/cmr/m/n/10.95 ; 
 []


Overfull \hbox (17.49489pt too wide) in paragraph at lines 1326--1327
[]\OT1/cmr/m/n/10.95 Trasferire il pos-ses-so del-la car-tel-la del ser-vi-zio 
in-te-res-sa-to al-l'u-ten-te [][]\OT1/cmtt/m/n/10.95 ${nome_servizio}
 []


Underfull \hbox (badness 10000) in paragraph at lines 1329--1331

 []


Overfull \hbox (19.62143pt too wide) in paragraph at lines 1331--1332
[]\OT1/cmr/m/n/10.95 tra-mi-te il co-man-do [][]\OT1/cmtt/m/n/10.95 sudo touch 
/etc/systemd/system/${nome_servizio}.service[]\OT1/cmr/m/n/10.95 ; 
 []


Overfull \hbox (15.75917pt too wide) in paragraph at lines 1332--1333
[]\OT1/cmr/m/n/10.95 Creare la car-tel-la [][]\OT1/cmtt/m/n/10.95 ${nome_serviz
io}.service.d []\OT1/cmr/m/n/10.95 nel-la car-tel-la [][]\OT1/cmtt/m/n/10.95 /e
tc/systemd/system
 []


Overfull \hbox (31.1188pt too wide) in paragraph at lines 1332--1333
[]\OT1/cmr/m/n/10.95 tra-mi-te il co-man-do [][]\OT1/cmtt/m/n/10.95 sudo mkdir 
/etc/systemd/system/${nome_servizio}.service.d[]\OT1/cmr/m/n/10.95 ; 
 []

LaTeX Font Info:    Trying to load font information for TS1+cmtt on input line 
1336.
(c:/texlive/2021/texmf-dist/tex/latex/base/ts1cmtt.fd
File: ts1cmtt.fd 2019/12/16 v2.5j Standard LaTeX font definitions
) [38] [39] [40

]
(./report.aux)

LaTeX Font Warning: Some font shapes were not available, defaults substituted.


LaTeX Warning: There were undefined references.

Package rerunfilecheck Info: File `report.out' has not changed.
(rerunfilecheck)             Checksum: 4178EFFD4A418B2DFBC8434D63223B42;3609.
 ) 
Here is how much of TeX's memory you used:
 28720 strings out of 478599
 536664 string characters out of 5858100
 1243098 words of memory out of 5000000
 45254 multiletter control sequences out of 15000+600000
 417109 words of font info for 74 fonts, out of 8000000 for 9000
 1141 hyphenation exceptions out of 8191
 84i,12n,83p,1425b,1934s stack positions out of 5000i,500n,10000p,200000b,80000s
{c:/texlive/2021/texmf-dist/fonts/enc/dvips/cm-super/cm-super-ts1.enc}<c:/tex
live/2021/texmf-dist/fonts/type1/public/amsfonts/cm/cmbx10.pfb><c:/texlive/2021
/texmf-dist/fonts/type1/public/amsfonts/cm/cmbx12.pfb><c:/texlive/2021/texmf-di
st/fonts/type1/public/amsfonts/cm/cmbxti10.pfb><c:/texlive/2021/texmf-dist/font
s/type1/public/amsfonts/cm/cmcsc10.pfb><c:/texlive/2021/texmf-dist/fonts/type1/
public/amsfonts/cm/cmmi9.pfb><c:/texlive/2021/texmf-dist/fonts/type1/public/ams
fonts/cm/cmr10.pfb><c:/texlive/2021/texmf-dist/fonts/type1/public/amsfonts/cm/c
mr12.pfb><c:/texlive/2021/texmf-dist/fonts/type1/public/amsfonts/cm/cmr6.pfb><c
:/texlive/2021/texmf-dist/fonts/type1/public/amsfonts/cm/cmr9.pfb><c:/texlive/2
021/texmf-dist/fonts/type1/public/amsfonts/cm/cmss10.pfb><c:/texlive/2021/texmf
-dist/fonts/type1/public/amsfonts/cm/cmss12.pfb><c:/texlive/2021/texmf-dist/fon
ts/type1/public/amsfonts/cm/cmsy10.pfb><c:/texlive/2021/texmf-dist/fonts/type1/
public/amsfonts/cm/cmti10.pfb><c:/texlive/2021/texmf-dist/fonts/type1/public/am
sfonts/cm/cmti12.pfb><c:/texlive/2021/texmf-dist/fonts/type1/public/amsfonts/cm
/cmtt10.pfb><c:/texlive/2021/texmf-dist/fonts/type1/public/amsfonts/cm/cmtt9.pf
b><c:/texlive/2021/texmf-dist/fonts/type1/public/cm-super/sfrm1095.pfb><c:/texl
ive/2021/texmf-dist/fonts/type1/public/cm-super/sftt0900.pfb>
Output written on report.pdf (41 pages, 3613206 bytes).
PDF statistics:
 1418 PDF objects out of 1440 (max. 8388607)
 1291 compressed objects within 13 object streams
 860 named destinations out of 1000 (max. 500000)
 287 words of extra memory for PDF output out of 10000 (max. 10000000)

